<?xml version="1.0" encoding="UTF-8"?>
<!-- Generated by org.testng.reporters.JUnitReportReporter -->
<testsuite hostname="LAPTOP-L5VJCAPT" failures="0" tests="2" name="testcases.MakeAppointment" time="42.297" errors="0" timestamp="2024-04-15T18:53:57 IST" skipped="0">
  <testcase classname="testcases.MakeAppointment" name="enterdetails" time="26.688"/>
  <system-out/>
  <testcase classname="testcases.MakeAppointment" name="emptyvalues" time="15.609"/>
  <system-out/>
</testsuite> <!-- testcases.MakeAppointment -->
