<?xml version="1.0" encoding="UTF-8"?>
<!-- Generated by org.testng.reporters.JUnitReportReporter -->
<testsuite hostname="LAPTOP-L5VJCAPT" failures="0" tests="6" name="testcases.Loginpage" time="65.825" errors="0" timestamp="2024-04-15T18:53:57 IST" skipped="0">
  <testcase classname="testcases.Loginpage" name="successfulllogin" time="12.544"/>
  <system-out/>
  <testcase classname="testcases.Loginpage" name="negativelogin1" time="10.515"/>
  <system-out/>
  <testcase classname="testcases.Loginpage" name="negativelogin1" time="10.515"/>
  <system-out/>
  <testcase classname="testcases.Loginpage" name="negativelogin1" time="10.533"/>
  <system-out/>
  <testcase classname="testcases.Loginpage" name="negativelogin1" time="10.472"/>
  <system-out/>
  <testcase classname="testcases.Loginpage" name="negativelogin1" time="11.246"/>
  <system-out/>
</testsuite> <!-- testcases.Loginpage -->
