<?xml version="1.0" encoding="UTF-8"?>
<!-- Generated by org.testng.reporters.JUnitReportReporter -->
<testsuite hostname="LAPTOP-L5VJCAPT" failures="0" tests="3" name="testcases.Firstpage" time="17.226" errors="0" timestamp="2024-04-15T18:53:57 IST" skipped="0">
  <testcase classname="testcases.Firstpage" name="verifyurl" time="4.399"/>
  <system-out/>
  <testcase classname="testcases.Firstpage" name="getappoint" time="6.251"/>
  <system-out/>
  <testcase classname="testcases.Firstpage" name="verifyafterappoint" time="6.576"/>
  <system-out/>
</testsuite> <!-- testcases.Firstpage -->
